mktextfm Spectral
mktextfm Spectral
mktextfm Spectral
mktextfm Spectral/BI
mktextfm Spectral
mktextfm Spectral/B
mktextfm Spectral
mktextfm Spectral/I
mktextfm Spectral
mktextfm Spectral
mktextfm Spectral
mktextfm Spectral
mktextfm Spectral
mktextfm Spectral
mktextfm Spectral/BI
mktextfm Spectral
mktextfm Spectral/B
mktextfm Spectral
mktextfm Spectral/I
mktextfm Spectral
mktextfm Spectral
mktextfm InconsolataGo
mktextfm InconsolataGo
mktextfm InconsolataGo
mktextfm InconsolataGo/BI
mktextfm InconsolataGo
mktextfm InconsolataGo/B
mktextfm InconsolataGo
mktextfm InconsolataGo/I
mktextfm InconsolataGo
mktextfm InconsolataGo
mktextfm InconsolataGo
mktextfm InconsolataGo
mktextfm InconsolataGo
mktextfm InconsolataGo/BI
mktextfm InconsolataGo
mktextfm InconsolataGo/B
mktextfm InconsolataGo
mktextfm InconsolataGo/I
mktextfm InconsolataGo
mktextfm InconsolataGo
mktextfm Spectral
mktextfm Spectral
mktextfm Spectral
mktextfm Spectral
mktextfm Spectral
mktextfm Spectral
mktextfm Spectral
mktextfm Spectral
mktextfm Spectral
mktextfm Spectral
mktextfm Spectral/BI
mktextfm Spectral
mktextfm Spectral/B
mktextfm Spectral
mktextfm Spectral/I
mktextfm Spectral
mktextfm Spectral
mktextfm Spectral
mktextfm Spectral
mktextfm Spectral
mktextfm Spectral
mktextfm Spectral/BI
mktextfm Spectral
mktextfm Spectral/B
mktextfm Spectral
mktextfm Spectral/I
mktextfm Spectral
mktextfm Spectral
mktextfm InconsolataGo
mktextfm InconsolataGo
mktextfm InconsolataGo
mktextfm InconsolataGo/BI
mktextfm InconsolataGo
mktextfm InconsolataGo/B
mktextfm InconsolataGo
mktextfm InconsolataGo/I
mktextfm InconsolataGo
mktextfm InconsolataGo
mktextfm InconsolataGo
mktextfm InconsolataGo
mktextfm InconsolataGo
mktextfm InconsolataGo/BI
mktextfm InconsolataGo
mktextfm InconsolataGo/B
mktextfm InconsolataGo
mktextfm InconsolataGo/I
mktextfm InconsolataGo
mktextfm InconsolataGo
mktextfm Spectral
mktextfm Spectral
mktextfm Spectral
mktextfm Spectral
mktextfm Spectral
mktextfm Spectral
mktextfm Spectral
mktextfm InconsolataGo
mktextfm InconsolataGo
mktextfm InconsolataGo
mktextfm InconsolataGo/BI
mktextfm InconsolataGo
mktextfm InconsolataGo/B
mktextfm InconsolataGo
mktextfm InconsolataGo/I
mktextfm InconsolataGo
mktextfm InconsolataGo
mktextfm InconsolataGo
mktextfm InconsolataGo
mktextfm InconsolataGo
mktextfm InconsolataGo/BI
mktextfm InconsolataGo
mktextfm InconsolataGo/B
mktextfm InconsolataGo
mktextfm InconsolataGo/I
mktextfm InconsolataGo
mktextfm InconsolataGo
mktextfm InconsolataGo
mktextfm InconsolataGo
mktextfm InconsolataGo
mktextfm InconsolataGo/BI
mktextfm InconsolataGo
mktextfm InconsolataGo/B
mktextfm InconsolataGo
mktextfm InconsolataGo/I
mktextfm InconsolataGo
mktextfm InconsolataGo
mktextfm InconsolataGo
mktextfm InconsolataGo
mktextfm InconsolataGo
mktextfm InconsolataGo/BI
mktextfm InconsolataGo
mktextfm InconsolataGo/B
mktextfm InconsolataGo
mktextfm InconsolataGo/I
mktextfm InconsolataGo
mktextfm InconsolataGo
mktextfm InconsolataGo
mktextfm InconsolataGo
mktextfm InconsolataGo
mktextfm InconsolataGo/BI
mktextfm InconsolataGo
mktextfm InconsolataGo/B
mktextfm InconsolataGo
mktextfm InconsolataGo/I
mktextfm InconsolataGo
mktextfm InconsolataGo
mktextfm InconsolataGo
mktextfm InconsolataGo
mktextfm InconsolataGo
mktextfm InconsolataGo/BI
mktextfm InconsolataGo
mktextfm InconsolataGo/B
mktextfm InconsolataGo
mktextfm InconsolataGo/I
mktextfm InconsolataGo
mktextfm InconsolataGo
mktextfm Spectral
mktextfm Spectral
mktextfm Spectral
mktextfm Spectral/BI
mktextfm Spectral
mktextfm Spectral/B
mktextfm Spectral
mktextfm Spectral/I
mktextfm Spectral
mktextfm Spectral
mktextfm Spectral
mktextfm Spectral
mktextfm Spectral
mktextfm Spectral
mktextfm Spectral/BI
mktextfm Spectral
mktextfm Spectral/B
mktextfm Spectral
mktextfm Spectral/I
mktextfm Spectral
mktextfm Spectral
mktextfm InconsolataGo
mktextfm InconsolataGo
mktextfm InconsolataGo
mktextfm InconsolataGo/BI
mktextfm InconsolataGo
mktextfm InconsolataGo/B
mktextfm InconsolataGo
mktextfm InconsolataGo/I
mktextfm InconsolataGo
mktextfm InconsolataGo
mktextfm InconsolataGo
mktextfm InconsolataGo
mktextfm InconsolataGo
mktextfm InconsolataGo/BI
mktextfm InconsolataGo
mktextfm InconsolataGo/B
mktextfm InconsolataGo
mktextfm InconsolataGo/I
mktextfm InconsolataGo
mktextfm InconsolataGo
mktextfm Spectral
mktextfm Spectral
mktextfm Spectral
mktextfm Spectral
mktextfm Spectral
mktextfm Spectral
mktextfm Spectral
mktextfm Spectral
mktextfm Spectral
mktextfm Spectral
mktextfm Spectral/BI
mktextfm Spectral
mktextfm Spectral/B
mktextfm Spectral
mktextfm Spectral/I
mktextfm Spectral
mktextfm Spectral
mktextfm Spectral
mktextfm Spectral
mktextfm Spectral
mktextfm Spectral
mktextfm Spectral/BI
mktextfm Spectral
mktextfm Spectral/B
mktextfm Spectral
mktextfm Spectral/I
mktextfm Spectral
mktextfm Spectral
mktextfm InconsolataGo
mktextfm InconsolataGo
mktextfm InconsolataGo
mktextfm InconsolataGo/BI
mktextfm InconsolataGo
mktextfm InconsolataGo/B
mktextfm InconsolataGo
mktextfm InconsolataGo/I
mktextfm InconsolataGo
mktextfm InconsolataGo
mktextfm InconsolataGo
mktextfm InconsolataGo
mktextfm InconsolataGo
mktextfm InconsolataGo/BI
mktextfm InconsolataGo
mktextfm InconsolataGo/B
mktextfm InconsolataGo
mktextfm InconsolataGo/I
mktextfm InconsolataGo
mktextfm InconsolataGo
mktextfm Spectral
mktextfm Spectral
mktextfm Spectral
mktextfm Spectral
mktextfm Spectral
mktextfm Spectral
mktextfm Spectral
mktextfm InconsolataGo
mktextfm InconsolataGo
mktextfm InconsolataGo
mktextfm InconsolataGo/BI
mktextfm InconsolataGo
mktextfm InconsolataGo/B
mktextfm InconsolataGo
mktextfm InconsolataGo/I
mktextfm InconsolataGo
mktextfm InconsolataGo
mktextfm InconsolataGo
mktextfm InconsolataGo
mktextfm InconsolataGo
mktextfm InconsolataGo/BI
mktextfm InconsolataGo
mktextfm InconsolataGo/B
mktextfm InconsolataGo
mktextfm InconsolataGo/I
mktextfm InconsolataGo
mktextfm InconsolataGo
